#-----------------------------------------------------------
# Vivado v2018.2 (64-bit)
# SW Build 2258646 on Thu Jun 14 20:03:12 MDT 2018
# IP Build 2256618 on Thu Jun 14 22:10:49 MDT 2018
# Start of session at: Fri Jan 10 18:30:02 2025
# Process ID: 9244
# Current directory: D:/Labs/semester_7/POCP/Lab3
# Command line: vivado.exe -gui_launcher_event rodinguilauncherevent11608 D:\Labs\semester_7\POCP\Lab3\Lab3.xpr
# Log file: D:/Labs/semester_7/POCP/Lab3/vivado.log
# Journal file: D:/Labs/semester_7/POCP/Lab3\vivado.jou
#-----------------------------------------------------------
start_gui
open_project D:/Labs/semester_7/POCP/Lab3/Lab3.xpr
Scanning sources...
Finished scanning sources
INFO: [IP_Flow 19-234] Refreshing IP repositories
INFO: [IP_Flow 19-1704] No user IP repositories specified
INFO: [IP_Flow 19-2313] Loaded Vivado IP repository 'E:/Xilinx/Vivado/2018.2/data/ip'.
open_project: Time (s): cpu = 00:00:10 ; elapsed = 00:00:09 . Memory (MB): peak = 886.961 ; gain = 146.336
update_compile_order -fileset sources_1
exit
INFO: [Common 17-206] Exiting Vivado at Fri Jan 10 18:30:54 2025...
