#-----------------------------------------------------------
# Vivado v2018.2 (64-bit)
# SW Build 2258646 on Thu Jun 14 20:03:12 MDT 2018
# IP Build 2256618 on Thu Jun 14 22:10:49 MDT 2018
# Start of session at: Tue Jan  7 14:14:30 2025
# Process ID: 15164
# Current directory: D:/Labs/semester_7/POCP/Lab3
# Command line: vivado.exe -gui_launcher_event rodinguilauncherevent3548 D:\Labs\semester_7\POCP\Lab3\Lab3.xpr
# Log file: D:/Labs/semester_7/POCP/Lab3/vivado.log
# Journal file: D:/Labs/semester_7/POCP/Lab3\vivado.jou
#-----------------------------------------------------------
start_gui
open_project D:/Labs/semester_7/POCP/Lab3/Lab3.xpr
Scanning sources...
Finished scanning sources
INFO: [IP_Flow 19-234] Refreshing IP repositories
INFO: [IP_Flow 19-1704] No user IP repositories specified
INFO: [IP_Flow 19-2313] Loaded Vivado IP repository 'E:/Xilinx/Vivado/2018.2/data/ip'.
open_project: Time (s): cpu = 00:00:08 ; elapsed = 00:00:05 . Memory (MB): peak = 904.129 ; gain = 154.977
update_compile_order -fileset sources_1
synth_design -rtl -name rtl_1
Command: synth_design -rtl -name rtl_1
Starting synth_design
Using part: xc7a100tcsg324-1
Top: RS_latch_behavioral
---------------------------------------------------------------------------------
Starting RTL Elaboration : Time (s): cpu = 00:00:02 ; elapsed = 00:00:02 . Memory (MB): peak = 1047.223 ; gain = 109.816
---------------------------------------------------------------------------------
INFO: [Synth 8-638] synthesizing module 'RS_latch_behavioral' [D:/Labs/semester_7/POCP/Lab3/Lab3.srcs/sources_1/new/RS_latch_behavioral.vhd:9]
INFO: [Synth 8-256] done synthesizing module 'RS_latch_behavioral' (1#1) [D:/Labs/semester_7/POCP/Lab3/Lab3.srcs/sources_1/new/RS_latch_behavioral.vhd:9]
---------------------------------------------------------------------------------
Finished RTL Elaboration : Time (s): cpu = 00:00:03 ; elapsed = 00:00:03 . Memory (MB): peak = 1089.117 ; gain = 151.711
---------------------------------------------------------------------------------

Report Check Netlist: 
+------+------------------+-------+---------+-------+------------------+
|      |Item              |Errors |Warnings |Status |Description       |
+------+------------------+-------+---------+-------+------------------+
|1     |multi_driven_nets |      0|        0|Passed |Multi driven nets |
+------+------------------+-------+---------+-------+------------------+
---------------------------------------------------------------------------------
Start Handling Custom Attributes
---------------------------------------------------------------------------------
---------------------------------------------------------------------------------
Finished Handling Custom Attributes : Time (s): cpu = 00:00:03 ; elapsed = 00:00:03 . Memory (MB): peak = 1089.117 ; gain = 151.711
---------------------------------------------------------------------------------
---------------------------------------------------------------------------------
Finished RTL Optimization Phase 1 : Time (s): cpu = 00:00:03 ; elapsed = 00:00:03 . Memory (MB): peak = 1089.117 ; gain = 151.711
---------------------------------------------------------------------------------
INFO: [Device 21-403] Loading part xc7a100tcsg324-1
INFO: [Project 1-570] Preparing netlist for logic optimization

Processing XDC Constraints
Initializing timing engine
Parsing XDC File [D:/Labs/semester_7/POCP/Lab3/Lab3.srcs/constrs_1/new/constraints.xdc]
Finished Parsing XDC File [D:/Labs/semester_7/POCP/Lab3/Lab3.srcs/constrs_1/new/constraints.xdc]
Completed Processing XDC Constraints

INFO: [Opt 31-138] Pushed 0 inverter(s) to 0 load pin(s).
INFO: [Project 1-111] Unisim Transformation Summary:
No Unisim elements were transformed.

RTL Elaboration Complete:  : Time (s): cpu = 00:00:18 ; elapsed = 00:00:13 . Memory (MB): peak = 1448.504 ; gain = 511.098
6 Infos, 0 Warnings, 0 Critical Warnings and 0 Errors encountered.
synth_design completed successfully
synth_design: Time (s): cpu = 00:00:18 ; elapsed = 00:00:13 . Memory (MB): peak = 1448.504 ; gain = 511.098
exit
INFO: [Common 17-206] Exiting Vivado at Tue Jan  7 16:06:18 2025...
