#-----------------------------------------------------------
# Vivado v2018.2 (64-bit)
# SW Build 2258646 on Thu Jun 14 20:03:12 MDT 2018
# IP Build 2256618 on Thu Jun 14 22:10:49 MDT 2018
# Start of session at: Thu Nov 28 21:27:11 2024
# Process ID: 23724
# Current directory: D:/Labs/semester_7/POCP/Lab4
# Command line: vivado.exe -gui_launcher_event rodinguilauncherevent27080 D:\Labs\semester_7\POCP\Lab4\pocp4.xpr
# Log file: D:/Labs/semester_7/POCP/Lab4/vivado.log
# Journal file: D:/Labs/semester_7/POCP/Lab4\vivado.jou
#-----------------------------------------------------------
start_gui
open_project D:/Labs/semester_7/POCP/Lab4/pocp4.xpr
Scanning sources...
Finished scanning sources
INFO: [IP_Flow 19-234] Refreshing IP repositories
INFO: [IP_Flow 19-1704] No user IP repositories specified
INFO: [IP_Flow 19-2313] Loaded Vivado IP repository 'E:/Xilinx/Vivado/2018.2/data/ip'.
open_project: Time (s): cpu = 00:00:12 ; elapsed = 00:00:06 . Memory (MB): peak = 984.699 ; gain = 229.035
update_compile_order -fileset sources_1
exit
INFO: [Common 17-206] Exiting Vivado at Thu Nov 28 21:40:30 2024...
