#-----------------------------------------------------------
# Vivado v2018.2 (64-bit)
# SW Build 2258646 on Thu Jun 14 20:03:12 MDT 2018
# IP Build 2256618 on Thu Jun 14 22:10:49 MDT 2018
# Start of session at: Mon Sep 16 20:41:35 2024
# Process ID: 9652
# Current directory: D:/Labs/semester_7/POCP/Lab1/A
# Command line: vivado.exe -gui_launcher_event rodinguilauncherevent16444 D:\Labs\semester_7\POCP\Lab1\A\A.xpr
# Log file: D:/Labs/semester_7/POCP/Lab1/A/vivado.log
# Journal file: D:/Labs/semester_7/POCP/Lab1/A\vivado.jou
#-----------------------------------------------------------
start_gui
open_project D:/Labs/semester_7/POCP/Lab1/A/A.xpr
Scanning sources...
Finished scanning sources
INFO: [IP_Flow 19-234] Refreshing IP repositories
INFO: [IP_Flow 19-1704] No user IP repositories specified
INFO: [IP_Flow 19-2313] Loaded Vivado IP repository 'E:/Xilinx/Vivado/2018.2/data/ip'.
open_project: Time (s): cpu = 00:00:10 ; elapsed = 00:00:05 . Memory (MB): peak = 982.137 ; gain = 224.320
update_compile_order -fileset sources_1
launch_simulation
INFO: [Vivado 12-5682] Launching behavioral simulation in 'D:/Labs/semester_7/POCP/Lab1/A/A.sim/sim_1/behav/xsim'
INFO: [SIM-utils-51] Simulation object is 'sim_1'
INFO: [SIM-utils-54] Inspecting design source files for 'or_element' in fileset 'sim_1'...
INFO: [USF-XSim-97] Finding global include files...
INFO: [USF-XSim-98] Fetching design files from 'sim_1'...
INFO: [USF-XSim-2] XSim::Compile design
INFO: [USF-XSim-61] Executing 'COMPILE and ANALYZE' step in 'D:/Labs/semester_7/POCP/Lab1/A/A.sim/sim_1/behav/xsim'
"xvhdl --incr --relax -prj or_element_vhdl.prj"
INFO: [VRFC 10-163] Analyzing VHDL file "D:/Labs/semester_7/POCP/Lab1/A/A.srcs/sources_1/new/or_element.vhd" into library xil_defaultlib
INFO: [VRFC 10-307] analyzing entity or_element
INFO: [USF-XSim-69] 'compile' step finished in '2' seconds
INFO: [USF-XSim-3] XSim::Elaborate design
INFO: [USF-XSim-61] Executing 'ELABORATE' step in 'D:/Labs/semester_7/POCP/Lab1/A/A.sim/sim_1/behav/xsim'
Vivado Simulator 2018.2
Copyright 1986-1999, 2001-2018 Xilinx, Inc. All Rights Reserved.
Running: E:/Xilinx/Vivado/2018.2/bin/unwrapped/win64.o/xelab.exe -wto a610507b3ce2426799e74239bb435e33 --incr --debug typical --relax --mt 2 -L xil_defaultlib -L secureip --snapshot or_element_behav xil_defaultlib.or_element -log elaborate.log 
Using 2 slave threads.
Starting static elaboration
Completed static elaboration
Starting simulation data flow analysis
Completed simulation data flow analysis
Time Resolution for simulation is 1ps
Compiling package std.standard
Compiling package std.textio
Compiling package ieee.std_logic_1164
Compiling architecture behavioral of entity xil_defaultlib.or_element
Built simulation snapshot or_element_behav

****** Webtalk v2018.2 (64-bit)
  **** SW Build 2258646 on Thu Jun 14 20:03:12 MDT 2018
  **** IP Build 2256618 on Thu Jun 14 22:10:49 MDT 2018
    ** Copyright 1986-2018 Xilinx, Inc. All Rights Reserved.

source D:/Labs/semester_7/POCP/Lab1/A/A.sim/sim_1/behav/xsim/xsim.dir/or_element_behav/webtalk/xsim_webtalk.tcl -notrace
INFO: [Common 17-206] Exiting Webtalk at Mon Sep 16 20:42:01 2024...
run_program: Time (s): cpu = 00:00:00 ; elapsed = 00:00:06 . Memory (MB): peak = 994.102 ; gain = 0.000
INFO: [USF-XSim-69] 'elaborate' step finished in '6' seconds
INFO: [USF-XSim-4] XSim::Simulate design
INFO: [USF-XSim-61] Executing 'SIMULATE' step in 'D:/Labs/semester_7/POCP/Lab1/A/A.sim/sim_1/behav/xsim'
INFO: [USF-XSim-98] *** Running xsim
   with args "or_element_behav -key {Behavioral:sim_1:Functional:or_element} -tclbatch {or_element.tcl} -log {simulate.log}"
INFO: [USF-XSim-8] Loading simulator feature
Vivado Simulator 2018.2
Time resolution is 1 ps
source or_element.tcl
# set curr_wave [current_wave_config]
# if { [string length $curr_wave] == 0 } {
#   if { [llength [get_objects]] > 0} {
#     add_wave /
#     set_property needs_save false [current_wave_config]
#   } else {
#      send_msg_id Add_Wave-1 WARNING "No top level signals found. Simulator will start without a wave window. If you want to open a wave window go to 'File->New Waveform Configuration' or type 'create_wave_config' in the TCL console."
#   }
# }
# run 1000ns
INFO: [USF-XSim-96] XSim completed. Design snapshot 'or_element_behav' loaded.
INFO: [USF-XSim-97] XSim simulation ran for 1000ns
launch_simulation: Time (s): cpu = 00:00:04 ; elapsed = 00:00:09 . Memory (MB): peak = 994.102 ; gain = 0.000
close_sim
INFO: [Simtcl 6-16] Simulation closed
close_sim: Time (s): cpu = 00:00:01 ; elapsed = 00:00:09 . Memory (MB): peak = 1011.086 ; gain = 0.000
exit
INFO: [Common 17-206] Exiting Vivado at Mon Sep 16 21:27:41 2024...
