#-----------------------------------------------------------
# Vivado v2018.2 (64-bit)
# SW Build 2258646 on Thu Jun 14 20:03:12 MDT 2018
# IP Build 2256618 on Thu Jun 14 22:10:49 MDT 2018
# Start of session at: Mon Nov 18 20:12:10 2024
# Process ID: 12068
# Current directory: D:/Labs/semester_7/POCP/Lab2/Mux
# Command line: vivado.exe -gui_launcher_event rodinguilauncherevent17384 D:\Labs\semester_7\POCP\Lab2\Mux\Mux.xpr
# Log file: D:/Labs/semester_7/POCP/Lab2/Mux/vivado.log
# Journal file: D:/Labs/semester_7/POCP/Lab2/Mux\vivado.jou
#-----------------------------------------------------------
start_gui
open_project D:/Labs/semester_7/POCP/Lab2/Mux/Mux.xpr
Scanning sources...
Finished scanning sources
INFO: [IP_Flow 19-234] Refreshing IP repositories
INFO: [IP_Flow 19-1704] No user IP repositories specified
INFO: [IP_Flow 19-2313] Loaded Vivado IP repository 'E:/Xilinx/Vivado/2018.2/data/ip'.
update_compile_order -fileset sources_1
exit
INFO: [Common 17-206] Exiting Vivado at Mon Nov 18 20:13:12 2024...
