#-----------------------------------------------------------
# Vivado v2018.2 (64-bit)
# SW Build 2258646 on Thu Jun 14 20:03:12 MDT 2018
# IP Build 2256618 on Thu Jun 14 22:10:49 MDT 2018
# Start of session at: Mon Jan 13 10:18:30 2025
# Process ID: 16912
# Current directory: D:/Labs/semester_7/POCP/Lab2/Mux
# Command line: vivado.exe -gui_launcher_event rodinguilauncherevent23452 D:\Labs\semester_7\POCP\Lab2\Mux\Mux.xpr
# Log file: D:/Labs/semester_7/POCP/Lab2/Mux/vivado.log
# Journal file: D:/Labs/semester_7/POCP/Lab2/Mux\vivado.jou
#-----------------------------------------------------------
start_gui
open_project D:/Labs/semester_7/POCP/Lab2/Mux/Mux.xpr
Scanning sources...
Finished scanning sources
INFO: [IP_Flow 19-234] Refreshing IP repositories
INFO: [IP_Flow 19-1704] No user IP repositories specified
INFO: [IP_Flow 19-2313] Loaded Vivado IP repository 'E:/Xilinx/Vivado/2018.2/data/ip'.
open_project: Time (s): cpu = 00:00:08 ; elapsed = 00:00:08 . Memory (MB): peak = 897.871 ; gain = 150.953
update_compile_order -fileset sources_1
exit
INFO: [Common 17-206] Exiting Vivado at Mon Jan 13 11:15:01 2025...
